2024-11-18 13:05:46,579 [INFO] Activator:176 - 


2024-11-18 13:05:46,582 [INFO] Activator:177 - !SESSION log4j initialized
2024-11-18 13:05:50,709 [ERROR] LogOutputStream:75 - [STDERR_REDIRECT] 
2024-11-18 13:05:51,171 [INFO] LogOutputStream:77 - [STDOUT_REDIRECT] 
2024-11-18 13:05:54,687 [INFO] LogOutputStream:77 - [STDOUT_REDIRECT] 
2024-11-18 13:06:17,718 [ERROR] LogOutputStream:75 - [STDERR_REDIRECT] SLF4J: Failed to load class "org.slf4j.impl.StaticLoggerBinder".
2024-11-18 13:06:17,722 [ERROR] LogOutputStream:75 - [STDERR_REDIRECT] SLF4J: Defaulting to no-operation (NOP) logger implementation
2024-11-18 13:06:17,722 [ERROR] LogOutputStream:75 - [STDERR_REDIRECT] SLF4J: See http://www.slf4j.org/codes.html#StaticLoggerBinder for further details.
2024-11-18 13:10:14,576 [ERROR] ApiDbMcu:1630 - Can't use Application install path:
2024-11-18 13:10:14,580 [WARN] RulesReader:66 - Compatibility file://mcu/compatibility.xml not found
2024-11-18 13:10:20,878 [ERROR] ConfigurationRetriever:142 - IOException on connection: sw-center.st.com
2024-11-18 13:10:20,879 [ERROR] ConfigurationRetriever:142 - IOException on connection: sw-center.st.com
2024-11-18 13:10:20,880 [ERROR] ConfigurationRetriever:142 - IOException on connection: sw-center.st.com
2024-11-18 13:10:21,629 [WARN] WebAppUi:340 - Updater plugin not available.
2024-11-18 13:11:01,853 [INFO] Activator:176 - 


2024-11-18 13:11:01,857 [INFO] Activator:177 - !SESSION log4j initialized
2024-11-18 13:11:03,936 [INFO] LogOutputStream:77 - [STDOUT_REDIRECT] 
2024-11-18 13:11:04,079 [ERROR] ApiDbMcu:1630 - Can't use Application install path:
2024-11-18 13:11:04,085 [WARN] RulesReader:66 - Compatibility file://mcu/compatibility.xml not found
2024-11-18 13:11:06,262 [ERROR] LogOutputStream:75 - [STDERR_REDIRECT] 
2024-11-18 13:11:07,456 [INFO] LogOutputStream:77 - [STDOUT_REDIRECT] 
2024-11-18 13:11:08,486 [ERROR] ConfigurationRetriever:142 - IOException on connection: sw-center.st.com
2024-11-18 13:11:08,488 [ERROR] ConfigurationRetriever:142 - IOException on connection: sw-center.st.com
2024-11-18 13:11:08,490 [ERROR] ConfigurationRetriever:142 - IOException on connection: sw-center.st.com
2024-11-18 13:11:30,142 [ERROR] LogOutputStream:75 - [STDERR_REDIRECT] SLF4J: Failed to load class "org.slf4j.impl.StaticLoggerBinder".
2024-11-18 13:11:30,144 [ERROR] LogOutputStream:75 - [STDERR_REDIRECT] SLF4J: Defaulting to no-operation (NOP) logger implementation
2024-11-18 13:11:30,145 [ERROR] LogOutputStream:75 - [STDERR_REDIRECT] SLF4J: See http://www.slf4j.org/codes.html#StaticLoggerBinder for further details.
2024-11-18 13:11:56,430 [INFO] McuFinderGlobals:53 - Set McuFinder mode to 2 (CubeIDE integrated)
2024-11-18 13:11:56,620 [INFO] ApplicationProperties:184 - Using Application install path: /Applications/STM32CubeIDE.app/Contents/Eclipse/plugins/com.st.stm32cube.common.mx_6.8.0.202302231600
2024-11-18 13:11:56,639 [INFO] DbMcusXml:78 - Set database path to: /Applications/STM32CubeIDE.app/Contents/Eclipse/plugins/com.st.stm32cube.common.mx_6.8.0.202302231600//db//mcu/
2024-11-18 13:11:56,640 [INFO] ApiDb:274 - Set plugin database path to: /Applications/STM32CubeIDE.app/Contents/Eclipse/plugins/com.st.stm32cube.common.mx_6.8.0.202302231600//db//plugins/boardmanager/
2024-11-18 13:11:56,644 [WARN] ApiDb:259 - Overriding images path with different value:  => /Applications/STM32CubeIDE.app/Contents/Eclipse/plugins/com.st.stm32cube.common.mx_6.8.0.202302231600//db//plugins/mcufinder/images/
2024-11-18 13:11:56,671 [INFO] ApiDb:250 - Set database path to: /Users/pavelmalkov/.stmcufinder/plugins/mcufinder//mcu/
2024-11-18 13:11:56,673 [INFO] DbMcusAds:125 - Set database path to: /Users/pavelmalkov/.stmcufinder/plugins/mcufinder//mcu/
2024-11-18 13:11:56,677 [INFO] CrossReferenceDbSqlite:203 - Set database path to: /Users/pavelmalkov/.stmcufinder/plugins/mcufinder//mcu/cs/
2024-11-18 13:11:56,746 [INFO] DbMcusXml:78 - Set database path to: /Applications/STM32CubeIDE.app/Contents/Eclipse/plugins/com.st.stm32cube.common.mx_6.8.0.202302231600//db//mcu/
2024-11-18 13:11:56,746 [INFO] ApiDb:274 - Set plugin database path to: /Applications/STM32CubeIDE.app/Contents/Eclipse/plugins/com.st.stm32cube.common.mx_6.8.0.202302231600//db//plugins/boardmanager/
2024-11-18 13:11:56,747 [INFO] ApiDb:261 - Set plugin images path to: /Applications/STM32CubeIDE.app/Contents/Eclipse/plugins/com.st.stm32cube.common.mx_6.8.0.202302231600//db//plugins/mcufinder/images/
2024-11-18 13:11:56,747 [WARN] DbFile:41 - Overriding database path with different value: /Users/pavelmalkov/.stmcufinder/plugins/mcufinder/ => /Users/pavelmalkov/.stmcufinder/plugins/mcufinder
2024-11-18 13:11:56,747 [INFO] ApiDb:250 - Set database path to: /Users/pavelmalkov/.stmcufinder/plugins/mcufinder//mcu/
2024-11-18 13:11:56,747 [WARN] DbFile:41 - Overriding database path with different value: /Users/pavelmalkov/.stmcufinder/plugins/mcufinder/ => /Users/pavelmalkov/.stmcufinder/plugins/mcufinder
2024-11-18 13:11:56,747 [INFO] DbMcusAds:125 - Set database path to: /Users/pavelmalkov/.stmcufinder/plugins/mcufinder//mcu/
2024-11-18 13:11:56,747 [WARN] DbFile:41 - Overriding database path with different value: /Users/pavelmalkov/.stmcufinder/plugins/mcufinder/ => /Users/pavelmalkov/.stmcufinder/plugins/mcufinder
2024-11-18 13:11:56,747 [WARN] DbFile:41 - Overriding database path with different value: /Users/pavelmalkov/.stmcufinder/plugins/mcufinder/ => /Users/pavelmalkov/.stmcufinder/plugins/mcufinder
2024-11-18 13:11:56,748 [INFO] CrossReferenceDbSqlite:203 - Set database path to: /Users/pavelmalkov/.stmcufinder/plugins/mcufinder//mcu/cs/
2024-11-18 13:11:56,859 [INFO] MainPanel:253 - HeapMemory: 268435456
2024-11-18 13:11:57,165 [INFO] DbMcusXml:78 - Set database path to: /Applications/STM32CubeIDE.app/Contents/Eclipse/plugins/com.st.stm32cube.common.mx_6.8.0.202302231600//db//mcu/
2024-11-18 13:11:57,166 [INFO] ApiDb:274 - Set plugin database path to: /Applications/STM32CubeIDE.app/Contents/Eclipse/plugins/com.st.stm32cube.common.mx_6.8.0.202302231600//db//plugins/boardmanager/
2024-11-18 13:11:57,168 [INFO] ApiDb:261 - Set plugin images path to: /Applications/STM32CubeIDE.app/Contents/Eclipse/plugins/com.st.stm32cube.common.mx_6.8.0.202302231600//db//plugins/mcufinder/images/
2024-11-18 13:11:57,169 [WARN] DbFile:41 - Overriding database path with different value: /Users/pavelmalkov/.stmcufinder/plugins/mcufinder/ => /Users/pavelmalkov/.stmcufinder/plugins/mcufinder
2024-11-18 13:11:57,169 [INFO] ApiDb:250 - Set database path to: /Users/pavelmalkov/.stmcufinder/plugins/mcufinder//mcu/
2024-11-18 13:11:57,169 [WARN] DbFile:41 - Overriding database path with different value: /Users/pavelmalkov/.stmcufinder/plugins/mcufinder/ => /Users/pavelmalkov/.stmcufinder/plugins/mcufinder
2024-11-18 13:11:57,169 [INFO] DbMcusAds:125 - Set database path to: /Users/pavelmalkov/.stmcufinder/plugins/mcufinder//mcu/
2024-11-18 13:11:57,169 [WARN] DbFile:41 - Overriding database path with different value: /Users/pavelmalkov/.stmcufinder/plugins/mcufinder/ => /Users/pavelmalkov/.stmcufinder/plugins/mcufinder
2024-11-18 13:11:57,169 [WARN] DbFile:41 - Overriding database path with different value: /Users/pavelmalkov/.stmcufinder/plugins/mcufinder/ => /Users/pavelmalkov/.stmcufinder/plugins/mcufinder
2024-11-18 13:11:57,169 [INFO] CrossReferenceDbSqlite:203 - Set database path to: /Users/pavelmalkov/.stmcufinder/plugins/mcufinder//mcu/cs/
2024-11-18 13:11:57,226 [INFO] ApplicationProperties:184 - Using Application install path: /Applications/STM32CubeIDE.app/Contents/Eclipse/plugins/com.st.stm32cube.common.mx_6.8.0.202302231600
2024-11-18 13:11:57,229 [INFO] PluginManage:196 - Search for loadable plugins [exclusion list=, ]
2024-11-18 13:11:57,231 [INFO] PluginManage:310 - Check plugin analytics
2024-11-18 13:11:57,562 [INFO] AnalyticsPlugin:253 - Accepted Software Licenses: 
2024-11-18 13:11:57,562 [INFO] AnalyticsPlugin:255 - Accepted CMSIS Pack Licenses: 
2024-11-18 13:11:57,563 [INFO] AnalyticsPlugin:257 - Accepted Firmware Licenses: FW.F4.1.27.0
2024-11-18 13:11:57,607 [INFO] PluginManage:359 - Loaded plugin analytics (category:tool,tabindex:-1)
2024-11-18 13:11:57,608 [ERROR] ConfigurationRetriever:142 - IOException on connection: sw-center.st.com
2024-11-18 13:11:57,615 [INFO] PluginManage:310 - Check plugin cadmodel
2024-11-18 13:11:57,616 [ERROR] ConfigurationRetriever:142 - IOException on connection: sw-center.st.com
2024-11-18 13:11:57,616 [ERROR] ConfigurationRetriever:142 - IOException on connection: sw-center.st.com
2024-11-18 13:11:58,054 [INFO] CADModel:105 - Init CAD model plugin
2024-11-18 13:11:58,055 [INFO] PluginManage:359 - Loaded plugin cadmodel (category:power,tabindex:5)
2024-11-18 13:11:58,055 [INFO] PluginManage:310 - Check plugin clock
2024-11-18 13:11:58,070 [INFO] PluginManage:359 - Loaded plugin clock (category:base,tabindex:2)
2024-11-18 13:11:58,070 [INFO] PluginManage:310 - Check plugin ddr
2024-11-18 13:11:58,072 [INFO] PluginManage:359 - Loaded plugin ddr (category:tool,tabindex:6)
2024-11-18 13:11:58,072 [INFO] PluginManage:310 - Check plugin filemanager
2024-11-18 13:11:58,297 [INFO] PluginManage:359 - Loaded plugin filemanager (category:base,tabindex:10)
2024-11-18 13:11:58,298 [INFO] PluginManage:310 - Check plugin ipmanager
2024-11-18 13:11:58,308 [INFO] PluginManage:359 - Loaded plugin ipmanager (category:base,tabindex:5)
2024-11-18 13:11:58,309 [INFO] PluginManage:310 - Check plugin lpbam
2024-11-18 13:11:58,321 [INFO] PluginManage:359 - Loaded plugin lpbam (category:base,tabindex:0)
2024-11-18 13:11:58,321 [INFO] PluginManage:310 - Check plugin pinoutandconfiguration
2024-11-18 13:11:58,329 [INFO] PluginManage:359 - Loaded plugin pinoutandconfiguration (category:base,tabindex:1)
2024-11-18 13:11:58,330 [INFO] PluginManage:310 - Check plugin pinoutconfig
2024-11-18 13:11:58,443 [WARN] SupportedApi:132 - Cannot load RTOS API schema: s4s-elt-must-match.1: The content of 'definitions' must match (annotation?, (simpleType | complexType)?, (unique | key | keyref)*)). A problem was found starting at: attribute.
2024-11-18 13:11:58,697 [INFO] PluginManage:359 - Loaded plugin pinoutconfig (category:base,tabindex:0)
2024-11-18 13:11:58,697 [INFO] PluginManage:310 - Check plugin power
2024-11-18 13:11:58,724 [INFO] PluginManage:359 - Loaded plugin power (category:power,tabindex:4)
2024-11-18 13:11:58,725 [INFO] PluginManage:310 - Check plugin projectmanager
2024-11-18 13:11:58,762 [INFO] PluginManage:359 - Loaded plugin projectmanager (category:projectmanager,tabindex:3)
2024-11-18 13:11:58,762 [INFO] PluginManage:310 - Check plugin thirdparty
2024-11-18 13:11:58,986 [INFO] PluginManage:359 - Loaded plugin thirdparty (category:base,tabindex:-1)
2024-11-18 13:11:58,985 [WARN] IntegrityCheckThread:84 - waiting for thirdparty lock release [integrity check]
2024-11-18 13:11:58,988 [INFO] IntegrityCheckThread:86 - entering critical section [integrity check]
2024-11-18 13:11:58,988 [INFO] PluginManage:310 - Check plugin tools
2024-11-18 13:11:58,994 [INFO] ThirdPartyUpdaterWithRetryManager:70 - Updater plugin not ready yet. [1/15]
2024-11-18 13:11:58,994 [INFO] PluginManage:359 - Loaded plugin tools (category:base,tabindex:7)
2024-11-18 13:11:58,995 [INFO] PluginManage:310 - Check plugin tutovideos
2024-11-18 13:11:59,317 [INFO] PluginManage:359 - Loaded plugin tutovideos (category:base,tabindex:-1)
2024-11-18 13:11:59,320 [INFO] PluginManage:310 - Check plugin updater
2024-11-18 13:11:59,378 [INFO] PluginManage:359 - Loaded plugin updater (category:base,tabindex:12)
2024-11-18 13:11:59,379 [INFO] PluginManage:283 - PluginManage : Loaded plugins [15]
2024-11-18 13:11:59,828 [INFO] PinOutPanel:1499 - setPackage(No Configuration,No Configuration)
2024-11-18 13:11:59,908 [INFO] CADModel:165 - CPN selected for project level
2024-11-18 13:11:59,908 [INFO] CADModel:114 - Register for checkConnection events
2024-11-18 13:11:59,927 [INFO] IPUIPlugin:80 - create IPUIPlugin
2024-11-18 13:11:59,928 [INFO] PluginManager:220 - loadIPPluginJar : add mdma
2024-11-18 13:11:59,934 [INFO] IPUIPlugin:80 - create IPUIPlugin
2024-11-18 13:11:59,934 [INFO] PluginManager:220 - loadIPPluginJar : add freertos
2024-11-18 13:11:59,939 [INFO] IPUIPlugin:80 - create IPUIPlugin
2024-11-18 13:11:59,939 [INFO] PluginManager:220 - loadIPPluginJar : add gic
2024-11-18 13:11:59,948 [INFO] IPUIPlugin:80 - create IPUIPlugin
2024-11-18 13:11:59,948 [INFO] PluginManager:220 - loadIPPluginJar : add adc
2024-11-18 13:11:59,952 [INFO] IPUIPlugin:80 - create IPUIPlugin
2024-11-18 13:11:59,952 [INFO] PluginManager:220 - loadIPPluginJar : add gtzc
2024-11-18 13:11:59,955 [INFO] IPUIPlugin:80 - create IPUIPlugin
2024-11-18 13:11:59,955 [INFO] PluginManager:220 - loadIPPluginJar : add quadspi
2024-11-18 13:11:59,958 [INFO] IPUIPlugin:80 - create IPUIPlugin
2024-11-18 13:11:59,959 [INFO] PluginManager:220 - loadIPPluginJar : add aes
2024-11-18 13:11:59,961 [INFO] IPUIPlugin:80 - create IPUIPlugin
2024-11-18 13:11:59,961 [INFO] PluginManager:220 - loadIPPluginJar : add pdm2pcm
2024-11-18 13:11:59,964 [INFO] IPUIPlugin:80 - create IPUIPlugin
2024-11-18 13:11:59,964 [INFO] PluginManager:220 - loadIPPluginJar : add hash
2024-11-18 13:11:59,968 [INFO] IPUIPlugin:80 - create IPUIPlugin
2024-11-18 13:11:59,968 [INFO] PluginManager:220 - loadIPPluginJar : add tim
2024-11-18 13:11:59,969 [INFO] IPUIPlugin:80 - create IPUIPlugin
2024-11-18 13:11:59,969 [INFO] PluginManager:220 - loadIPPluginJar : add tsc
2024-11-18 13:11:59,971 [INFO] IPUIPlugin:80 - create IPUIPlugin
2024-11-18 13:11:59,971 [INFO] PluginManager:220 - loadIPPluginJar : add ts
2024-11-18 13:11:59,975 [INFO] IPUIPlugin:80 - create IPUIPlugin
2024-11-18 13:11:59,975 [INFO] PluginManager:220 - loadIPPluginJar : add can
2024-11-18 13:11:59,979 [INFO] IPUIPlugin:80 - create IPUIPlugin
2024-11-18 13:11:59,979 [INFO] PluginManager:220 - loadIPPluginJar : add dma3
2024-11-18 13:11:59,981 [INFO] IPUIPlugin:80 - create IPUIPlugin
2024-11-18 13:11:59,981 [INFO] PluginManager:220 - loadIPPluginJar : add dfsdm
2024-11-18 13:11:59,983 [INFO] IPUIPlugin:80 - create IPUIPlugin
2024-11-18 13:11:59,983 [INFO] PluginManager:220 - loadIPPluginJar : add spi
2024-11-18 13:11:59,985 [INFO] IPUIPlugin:80 - create IPUIPlugin
2024-11-18 13:11:59,985 [INFO] PluginManager:220 - loadIPPluginJar : add gfxmmu
2024-11-18 13:11:59,986 [INFO] IPUIPlugin:80 - create IPUIPlugin
2024-11-18 13:11:59,986 [INFO] PluginManager:220 - loadIPPluginJar : add genericplugin
2024-11-18 13:11:59,989 [INFO] IPUIPlugin:80 - create IPUIPlugin
2024-11-18 13:11:59,989 [INFO] PluginManager:220 - loadIPPluginJar : add cryp
2024-11-18 13:11:59,994 [INFO] IPUIPlugin:80 - create IPUIPlugin
2024-11-18 13:11:59,995 [INFO] PluginManager:220 - loadIPPluginJar : add gpio
2024-11-18 13:11:59,996 [INFO] IPUIPlugin:80 - create IPUIPlugin
2024-11-18 13:11:59,997 [INFO] PluginManager:220 - loadIPPluginJar : add comp
2024-11-18 13:11:59,999 [INFO] IPUIPlugin:80 - create IPUIPlugin
2024-11-18 13:11:59,999 [INFO] PluginManager:220 - loadIPPluginJar : add tracer_emb
2024-11-18 13:12:00,002 [INFO] IPUIPlugin:80 - create IPUIPlugin
2024-11-18 13:12:00,002 [INFO] PluginManager:220 - loadIPPluginJar : add openamp
2024-11-18 13:12:00,007 [INFO] IPUIPlugin:80 - create IPUIPlugin
2024-11-18 13:12:00,007 [INFO] PluginManager:220 - loadIPPluginJar : add stm32_wpan
2024-11-18 13:12:00,013 [INFO] IPUIPlugin:80 - create IPUIPlugin
2024-11-18 13:12:00,017 [INFO] PluginManager:220 - loadIPPluginJar : add plateformsettings
2024-11-18 13:12:00,021 [INFO] IPUIPlugin:80 - create IPUIPlugin
2024-11-18 13:12:00,021 [INFO] PluginManager:220 - loadIPPluginJar : add ipddr
2024-11-18 13:12:00,023 [INFO] IPUIPlugin:80 - create IPUIPlugin
2024-11-18 13:12:00,023 [INFO] PluginManager:220 - loadIPPluginJar : add usart
2024-11-18 13:12:00,024 [INFO] IPUIPlugin:80 - create IPUIPlugin
2024-11-18 13:12:00,024 [INFO] PluginManager:220 - loadIPPluginJar : add ltdc
2024-11-18 13:12:00,027 [INFO] IPUIPlugin:80 - create IPUIPlugin
2024-11-18 13:12:00,027 [INFO] PluginManager:220 - loadIPPluginJar : add nvic
2024-11-18 13:12:00,030 [INFO] IPUIPlugin:80 - create IPUIPlugin
2024-11-18 13:12:00,030 [INFO] PluginManager:220 - loadIPPluginJar : add fatfs
2024-11-18 13:12:00,040 [INFO] IPUIPlugin:80 - create IPUIPlugin
2024-11-18 13:12:00,040 [INFO] PluginManager:220 - loadIPPluginJar : add linkedlist
2024-11-18 13:12:00,046 [INFO] IPUIPlugin:80 - create IPUIPlugin
2024-11-18 13:12:00,047 [INFO] PluginManager:220 - loadIPPluginJar : add dma
2024-11-18 13:12:00,050 [INFO] IPUIPlugin:80 - create IPUIPlugin
2024-11-18 13:12:00,050 [INFO] PluginManager:220 - loadIPPluginJar : add fmc
2024-11-18 13:12:00,052 [INFO] IPUIPlugin:80 - create IPUIPlugin
2024-11-18 13:12:00,052 [INFO] PluginManager:220 - loadIPPluginJar : add i2s
2024-11-18 13:12:00,054 [INFO] IPUIPlugin:80 - create IPUIPlugin
2024-11-18 13:12:00,054 [INFO] PluginManager:220 - loadIPPluginJar : add ucpd
2024-11-18 13:12:00,055 [INFO] IPUIPlugin:80 - create IPUIPlugin
2024-11-18 13:12:00,056 [INFO] PluginManager:220 - loadIPPluginJar : add lorawan
2024-11-18 13:12:00,058 [INFO] IPUIPlugin:80 - create IPUIPlugin
2024-11-18 13:12:00,058 [INFO] PluginManager:220 - loadIPPluginJar : add opamp
2024-11-18 13:12:00,060 [INFO] IPUIPlugin:80 - create IPUIPlugin
2024-11-18 13:12:00,060 [INFO] PluginManager:220 - loadIPPluginJar : add i3c
2024-11-18 13:12:00,063 [INFO] IPUIPlugin:80 - create IPUIPlugin
2024-11-18 13:12:00,063 [INFO] PluginManager:220 - loadIPPluginJar : add touchsensing
2024-11-18 13:12:00,066 [INFO] IPUIPlugin:80 - create IPUIPlugin
2024-11-18 13:12:00,066 [INFO] PluginManager:220 - loadIPPluginJar : add i2c
2024-11-18 13:12:00,069 [INFO] IPUIPlugin:80 - create IPUIPlugin
2024-11-18 13:12:00,069 [INFO] PluginManager:220 - loadIPPluginJar : add resmgrutility
2024-11-18 13:12:00,073 [INFO] IPUIPlugin:80 - create IPUIPlugin
2024-11-18 13:12:00,073 [INFO] PluginManager:220 - loadIPPluginJar : add sai
2024-11-18 13:12:00,078 [INFO] IPUIPlugin:80 - create IPUIPlugin
2024-11-18 13:12:00,078 [INFO] PluginManager:220 - loadIPPluginJar : add usbx
2024-11-18 13:12:00,212 [INFO] CADModel:165 - CPN selected for project level
2024-11-18 13:12:00,213 [INFO] CADModel:114 - Register for checkConnection events
2024-11-18 13:12:00,214 [FATAL] Updater:308 - Updater called before beeing initialized
2024-11-18 13:12:00,214 [ERROR] CADModel:125 - Updater not yet initialized, retry later 
2024-11-18 13:12:00,442 [INFO] CADModel:165 - CPN selected for project level
2024-11-18 13:12:00,442 [INFO] CADModel:114 - Register for checkConnection events
2024-11-18 13:12:00,442 [FATAL] Updater:308 - Updater called before beeing initialized
2024-11-18 13:12:00,442 [ERROR] CADModel:125 - Updater not yet initialized, retry later 
2024-11-18 13:12:00,446 [FATAL] Updater:308 - Updater called before beeing initialized
2024-11-18 13:12:00,684 [FATAL] Updater:308 - Updater called before beeing initialized
2024-11-18 13:12:00,696 [INFO] DbMcusAds:53 - JSON generation date=Fri Sep 20 16:04:23 MSK 2024 (1726837463113)
2024-11-18 13:12:00,697 [FATAL] Updater:308 - Updater called before beeing initialized
2024-11-18 13:12:01,404 [WARN] DetailPanel:346 - Failed to get advertising image, set to default
2024-11-18 13:12:01,721 [FATAL] Updater:308 - Updater called before beeing initialized
2024-11-18 13:12:01,749 [FATAL] Updater:308 - Updater called before beeing initialized
2024-11-18 13:12:01,749 [FATAL] Updater:308 - Updater called before beeing initialized
2024-11-18 13:12:01,750 [WARN] DetailPanel:346 - Failed to get advertising image, set to default
2024-11-18 13:12:01,789 [FATAL] Updater:308 - Updater called before beeing initialized
2024-11-18 13:12:01,971 [ERROR] Updater:1120 - MainUpdater not yet initialized. External WinMGr cannot be set.
2024-11-18 13:12:02,000 [INFO] ThirdPartyUpdaterWithRetryManager:70 - Updater plugin not ready yet. [2/15]
2024-11-18 13:12:02,076 [INFO] Updater:1056 - Updater Version found : 6.8.0
2024-11-18 13:12:02,102 [INFO] ApplicationProperties:184 - Using Application install path: /Applications/STM32CubeIDE.app/Contents/Eclipse/plugins/com.st.stm32cube.common.mx_6.8.0.202302231600
2024-11-18 13:12:02,578 [ERROR] ServerAccessManage:1146 - Warning during Server Connection :  Unknown host sw-center.st.com
2024-11-18 13:12:02,591 [INFO] MainUpdater:2854 - connection check result : 22
2024-11-18 13:12:02,593 [INFO] MainUpdater:283 - Updater Check For Update Now.
2024-11-18 13:12:02,593 [INFO] MicroXplorer:498 - Change Database Version : DB.6.0.80
2024-11-18 13:12:03,023 [INFO] CheckServerUpdateThread:120 - End of CheckServer Thread
2024-11-18 13:12:03,251 [ERROR] ServerAccessManage:1146 - Warning during Server Connection :  Unknown host sw-center.st.com
2024-11-18 13:12:03,252 [INFO] MainUpdater:2854 - connection check result : 22
2024-11-18 13:12:05,268 [WARN] PackLoader:240 - Cannot read IP mode file for STMicroelectronics.FP-SNS-MOTENVWB1.1.4.0
2024-11-18 13:12:05,319 [WARN] PackLoader:240 - Cannot read IP mode file for STMicroelectronics.X-CUBE-SMBUS.2.1.0
2024-11-18 13:12:05,347 [WARN] PackLoader:240 - Cannot read IP mode file for STMicroelectronics.X-CUBE-WB05N.1.1.0
2024-11-18 13:12:05,457 [WARN] PackLoader:240 - Cannot read IP mode file for STMicroelectronics.X-CUBE-AZRTOS-F7.1.1.0
2024-11-18 13:12:05,839 [WARN] PackLoader:240 - Cannot read IP mode file for STMicroelectronics.X-CUBE-MEMS1.11.0.0
2024-11-18 13:12:06,281 [WARN] PackLoader:240 - Cannot read IP mode file for STMicroelectronics.FP-SNS-FLIGHT1.5.0.2
2024-11-18 13:12:06,409 [WARN] PackLoader:240 - Cannot read IP mode file for STMicroelectronics.X-CUBE-DISPLAY.3.0.0
2024-11-18 13:12:06,501 [WARN] PackLoader:240 - Cannot read IP mode file for STMicroelectronics.X-CUBE-BLE1.7.0.0
2024-11-18 13:12:06,561 [WARN] PackLoader:240 - Cannot read IP mode file for STMicroelectronics.X-CUBE-NFC10.1.0.0
2024-11-18 13:12:06,607 [WARN] PackLoader:240 - Cannot read IP mode file for emotas.I-CUBE-CANOPEN.1.3.0
2024-11-18 13:12:06,661 [WARN] PackLoader:240 - Cannot read IP mode file for STMicroelectronics.X-CUBE-BLEMGR.3.1.0
2024-11-18 13:12:06,706 [WARN] PackLoader:240 - Cannot read IP mode file for STMicroelectronics.FP-SNS-SMARTAG2.1.2.0
2024-11-18 13:12:06,754 [INFO] LogOutputStream:77 - [STDOUT_REDIRECT] 1 : Invalid condition id : UX_CORESTACK_Condition cause : null
2024-11-18 13:12:06,757 [INFO] LogOutputStream:77 - [STDOUT_REDIRECT] 1 : Invalid condition id : UX_CORESTACK_Condition cause : null
2024-11-18 13:12:06,758 [INFO] LogOutputStream:77 - [STDOUT_REDIRECT] 1 : Invalid condition id : UX_CORESTACK_Condition cause : null
2024-11-18 13:12:06,758 [INFO] LogOutputStream:77 - [STDOUT_REDIRECT] 1 : Invalid condition id : UX_CORESTACK_Condition cause : null
2024-11-18 13:12:06,758 [INFO] LogOutputStream:77 - [STDOUT_REDIRECT] 1 : Invalid condition id : UX_CORESTACK_Condition cause : null
2024-11-18 13:12:06,778 [WARN] PackLoader:240 - Cannot read IP mode file for STMicroelectronics.X-CUBE-AZRTOS-WL.2.0.0
2024-11-18 13:12:06,796 [WARN] PackLoader:240 - Cannot read IP mode file for STMicroelectronics.FP-SNS-MOTENV1.5.0.0
2024-11-18 13:12:06,809 [WARN] PackLoader:240 - Cannot read IP mode file for wolfSSL.I-CUBE-wolfMQTT.1.19.0
2024-11-18 13:12:06,855 [WARN] PackLoader:240 - Cannot read IP mode file for WES.I-CUBE-Cesium.1.3.0
2024-11-18 13:12:06,866 [WARN] PackLoader:240 - Cannot read IP mode file for STMicroelectronics.X-CUBE-BLE2.3.3.0
2024-11-18 13:12:06,889 [WARN] PackLoader:240 - Cannot read IP mode file for STMicroelectronics.X-CUBE-NFC9.1.0.0
2024-11-18 13:12:06,907 [WARN] PackLoader:240 - Cannot read IP mode file for STMicroelectronics.X-CUBE-TCPP.4.1.0
2024-11-18 13:12:06,978 [WARN] PackLoader:240 - Cannot read IP mode file for STMicroelectronics.X-CUBE-AZRTOS-G0.1.1.0
2024-11-18 13:12:07,057 [WARN] PackLoader:240 - Cannot read IP mode file for STMicroelectronics.X-CUBE-SAFEA1.1.2.2
2024-11-18 13:12:07,087 [WARN] PackLoader:240 - Cannot read IP mode file for STMicroelectronics.X-CUBE-NFC4.3.0.0
2024-11-18 13:12:07,097 [ERROR] Engine:466 - /Users/pavelmalkov/.stm32cubemx/thirdparties/pdsc/EmbeddedOffice.I-CUBE-FS-RTOS.1.0.1.pdsc: PDSC version is not supported
2024-11-18 13:12:07,099 [ERROR] Engine:466 - /Users/pavelmalkov/.stm32cubemx/thirdparties/pdsc/RealThread.X-CUBE-RT-Thread_Nano.4.1.1.pdsc: PDSC version is not supported
2024-11-18 13:12:07,104 [WARN] PackLoader:240 - Cannot read IP mode file for STMicroelectronics.FP-ATR-SIGFOX1.3.2.0
2024-11-18 13:12:07,112 [WARN] PackLoader:240 - Cannot read IP mode file for wolfSSL.I-CUBE-wolfSSL.5.7.2
2024-11-18 13:12:07,124 [WARN] PackLoader:240 - Cannot read IP mode file for STMicroelectronics.X-CUBE-EEPRMA1.5.1.0
2024-11-18 13:12:07,141 [WARN] PackLoader:240 - Cannot read IP mode file for ITTIA_DB.I-CUBE-ITTIADB.8.9.0
2024-11-18 13:12:07,250 [WARN] PackLoader:240 - Cannot read IP mode file for SEGGER.I-CUBE-embOS.1.3.1
2024-11-18 13:12:07,323 [WARN] PackLoader:240 - Cannot read IP mode file for STMicroelectronics.X-CUBE-ALGOBUILD.1.4.0
2024-11-18 13:12:07,342 [WARN] PackLoader:240 - Cannot read IP mode file for STMicroelectronics.X-CUBE-AI.9.1.0
2024-11-18 13:12:07,408 [WARN] PackLoader:240 - Cannot read IP mode file for STMicroelectronics.X-CUBE-AZRTOS-F4.1.1.0
2024-11-18 13:12:07,437 [WARN] PackLoader:240 - Cannot read IP mode file for STMicroelectronics.X-CUBE-ISPU.2.1.0
2024-11-18 13:12:07,466 [WARN] PackLoader:240 - Cannot read IP mode file for STMicroelectronics.X-CUBE-FREERTOS.1.2.0
2024-11-18 13:12:07,517 [WARN] PackLoader:240 - Cannot read IP mode file for STMicroelectronics.X-CUBE-AZRTOS-L5.2.0.0
2024-11-18 13:12:07,557 [WARN] PackLoader:240 - Cannot read IP mode file for STMicroelectronics.X-CUBE-NFC6.3.1.0
2024-11-18 13:12:07,576 [ERROR] Engine:466 - /Users/pavelmalkov/.stm32cubemx/thirdparties/pdsc/STMicroelectronics.X-CUBE-DPower.1.2.0.pdsc: PDSC version is not supported
2024-11-18 13:12:07,591 [WARN] PackLoader:240 - Cannot read IP mode file for STMicroelectronics.X-CUBE-NFC7.1.0.1
2024-11-18 13:12:07,685 [WARN] ConditionMgr:438 - getConditionDescription Invalid condition id : LAN8742 Phy interface Condition cause : null
2024-11-18 13:12:07,691 [WARN] PackLoader:240 - Cannot read IP mode file for STMicroelectronics.X-CUBE-AZRTOS-L4.2.0.0
2024-11-18 13:12:07,703 [WARN] ConditionMgr:1039 - genDependencies : Invalid condition id : LAN8742 Phy interface Condition cause : null
2024-11-18 13:12:07,705 [WARN] ConditionMgr:1039 - genDependencies : Invalid condition id : LAN8742 Phy interface Condition cause : null
2024-11-18 13:12:07,709 [WARN] ConditionMgr:1039 - genDependencies : Invalid condition id : LAN8742 Phy interface Condition cause : null
2024-11-18 13:12:07,731 [WARN] PackLoader:240 - Cannot read IP mode file for STMicroelectronics.X-CUBE-SFXS2LP1.4.0.0
2024-11-18 13:12:07,844 [WARN] PackLoader:240 - Cannot read IP mode file for STMicroelectronics.X-CUBE-AZRTOS-H7.3.3.0
2024-11-18 13:12:07,871 [ERROR] Engine:466 - /Users/pavelmalkov/.stm32cubemx/thirdparties/pdsc/STMicroelectronics.X-CUBE-IPS.3.0.0.pdsc: PDSC version is not supported
2024-11-18 13:12:07,902 [WARN] ConditionMgr:438 - getConditionDescription Invalid condition id : UX DEVICE CLASS RTOS Condition cause : null
2024-11-18 13:12:07,904 [WARN] ConditionMgr:438 - getConditionDescription Invalid condition id : UX DEVICE CLASS RTOS Condition cause : null
2024-11-18 13:12:07,920 [WARN] PackLoader:240 - Cannot read IP mode file for STMicroelectronics.X-CUBE-AZRTOS-WB.2.0.0
2024-11-18 13:12:07,935 [WARN] ConditionMgr:1039 - genDependencies : Invalid condition id : UX DEVICE CLASS RTOS Condition cause : null
2024-11-18 13:12:07,935 [WARN] ConditionMgr:1039 - genDependencies : Invalid condition id : UX DEVICE CLASS RTOS Condition cause : null
2024-11-18 13:12:07,940 [WARN] ConditionMgr:1039 - genDependencies : Invalid condition id : UX DEVICE CLASS RTOS Condition cause : null
2024-11-18 13:12:07,942 [WARN] ConditionMgr:1039 - genDependencies : Invalid condition id : UX DEVICE CLASS RTOS Condition cause : null
2024-11-18 13:12:07,942 [WARN] ConditionMgr:1039 - genDependencies : Invalid condition id : UX DEVICE CLASS RTOS Condition cause : null
2024-11-18 13:12:07,967 [WARN] PackLoader:240 - Cannot read IP mode file for STMicroelectronics.X-CUBE-GNSS1.7.0.0
2024-11-18 13:12:07,983 [ERROR] Engine:466 - /Users/pavelmalkov/.stm32cubemx/thirdparties/pdsc/STMicroelectronics.FP-SNS-STBOX1.2.0.0.pdsc: PDSC version is not supported
2024-11-18 13:12:08,015 [WARN] PackLoader:240 - Cannot read IP mode file for STMicroelectronics.X-CUBE-SUBG2.5.0.0
2024-11-18 13:12:08,054 [WARN] PackLoader:240 - Cannot read IP mode file for Cesanta.I-CUBE-Mongoose.7.13.0
2024-11-18 13:12:08,102 [WARN] PackLoader:240 - Cannot read IP mode file for STMicroelectronics.X-CUBE-AZRTOS-G4.2.0.0
2024-11-18 13:12:08,119 [WARN] PackLoader:240 - Cannot read IP mode file for STMicroelectronics.X-CUBE-ALS.1.0.2
2024-11-18 13:12:08,132 [WARN] PackLoader:240 - Cannot read IP mode file for STMicroelectronics.X-CUBE-TOUCHGFX.4.24.1
2024-11-18 13:12:08,137 [WARN] PackLoader:240 - Cannot read IP mode file for wolfSSL.I-CUBE-wolfTPM.3.4.0
2024-11-18 13:12:08,155 [WARN] PackLoader:240 - Cannot read IP mode file for portGmbH.I-Cube-SoM-uGOAL.1.1.0
2024-11-18 13:12:08,228 [WARN] PackLoader:240 - Cannot read IP mode file for STMicroelectronics.X-CUBE-AZRTOS-H7RS.1.0.0
2024-11-18 13:12:08,278 [WARN] PackLoader:240 - Cannot read IP mode file for STMicroelectronics.FP-ATR-ASTRA1.2.0.0
2024-11-18 13:12:08,321 [ERROR] Engine:466 - /Users/pavelmalkov/.stm32cubemx/thirdparties/pdsc/STMicroelectronics.X-CUBE-TOF1.3.4.2.pdsc: PDSC version is not supported
2024-11-18 13:12:08,331 [ERROR] Engine:466 - /Users/pavelmalkov/.stm32cubemx/thirdparties/pdsc/Infineon.AIROC-Wi-Fi-Bluetooth-STM32.1.6.1.pdsc: PDSC version is not supported
2024-11-18 13:12:08,340 [WARN] PackLoader:240 - Cannot read IP mode file for wolfSSL.I-CUBE-wolfSSH.1.4.17
2024-11-18 13:12:08,345 [INFO] ThirdParty:978 - Integrity check success = true
2024-11-18 13:12:08,346 [INFO] IntegrityCheckThread:100 - exiting critical section [integrity check]
2024-11-18 13:12:08,346 [INFO] IntegrityCheckThread:103 - End integrity checks thread
2024-11-18 13:12:09,354 [INFO] ApiDb:581 - Connected to CubeFinder SQLite database (/Users/pavelmalkov/.stmcufinder/plugins/mcufinder/mcu/cube-finder-db.db)
2024-11-18 13:12:09,449 [INFO] ApiDb:668 - CubeFinder database Data Model version=2.1
2024-11-18 13:12:09,450 [INFO] ApiDb:669 - CubeFinder database Configuration version=3.0.39
2024-11-18 13:12:09,451 [INFO] ApiDb:670 - CubeFinder database generation date=2024-09-16 (1726485674)
2024-11-18 13:12:09,451 [INFO] ApiDb:671 - CubeFinder database FW Pack versions=[FP-ATR-ASTRA1_V2.0.0, FP-SNS-FLIGHT1_V5.0.2, FP-SNS-MOTENV1_V5.0.0, FP-SNS-MOTENVWB1_V1.4.0, FP-SNS-SMARTAG2_V1.2.0, FP-SNS-STBOX1_V2.0.0, STM32Cube_FW_C0_V1.2.0, STM32Cube_FW_F4_V1.28.1, STM32Cube_FW_F7_V1.17.2, STM32Cube_FW_G0_V1.6.2, STM32Cube_FW_G4_V1.6.0, STM32Cube_FW_H5_V1.3.0, STM32Cube_FW_H7RS_V1.1.0, STM32Cube_FW_H7_V1.11.2, STM32Cube_FW_L0_V1.12.2, STM32Cube_FW_L5_V1.5.1, STM32Cube_FW_U0_V1.1.0, STM32Cube_FW_U5_V1.6.0, STM32Cube_FW_WB0_V1.0.0, STM32Cube_FW_WBA_V1.4.1, STM32Cube_FW_WB_V1.20.0, STM32Cube_FW_WL_V1.3.0, X-CUBE-ALGOBUILD_V1.4.0, X-CUBE-ALS_V1.0.2, X-CUBE-AZRTOS-F4_V1.1.0, X-CUBE-AZRTOS-F7_V1.1.0, X-CUBE-AZRTOS-G0_V1.1.0, X-CUBE-AZRTOS-G4_V2.0.0, X-CUBE-AZRTOS-H7RS_V1.0.0, X-CUBE-AZRTOS-H7_V3.2.0, X-CUBE-AZRTOS-L4_V2.0.0, X-CUBE-AZRTOS-L5_V2.0.0, X-CUBE-AZRTOS-WB_V2.0.0, X-CUBE-AZRTOS-WL_V2.0.0, X-CUBE-BLE1_V7.0.0, X-CUBE-BLE2_V3.3.0, X-CUBE-BLEMGR_V3.1.0, X-CUBE-EEPRMA1_V5.1.0, X-CUBE-FREERTOS_V1.2.0, X-CUBE-GNSS1_V6.0.0, X-CUBE-MEMS1_V11.0.0, X-CUBE-NFC4_V3.0.0, X-CUBE-NFC7_V1.0.1, X-CUBE-SFXS2LP1_V4.0.0, X-CUBE-SUBG2_V5.0.0, X-CUBE-TOF1_V3.4.2]
2024-11-18 13:12:09,651 [INFO] DbBoardsSqlite:226 - include board P-NUCLEO-WB55-NUCLEO as a kit item of type 'Nucleo-64'
2024-11-18 13:12:09,652 [INFO] DbBoardsSqlite:226 - include board P-NUCLEO-WB55-USBDONGLE as a kit item of type 'Nucleo USB Dongle'
2024-11-18 13:12:09,654 [INFO] DbBoardsSqlite:226 - include board STEVAL-IDP005V1 as a kit item of type 'Evaluation Board'
2024-11-18 13:12:09,654 [INFO] DbBoardsSqlite:226 - include board STEVAL-IDP005V2 as a kit item of type 'Evaluation Board'
2024-11-18 13:12:09,795 [INFO] ApiDb:240 - Found 297 in-development CPN: [B-G473E-ZEST1S, B-WB1M-WPAN1, B-WL5M-SUBG1, NUCLEO-C031C6, NUCLEO-H503RB, NUCLEO-H563ZI, NUCLEO-U545RE-Q, NUCLEO-U5A5ZJ-Q, NUCLEO-WBA52CG, STEVAL-PROTEUS1, STEVAL-STWINBX1, STM320518-EVAL, STM32C0116-DK, STM32C011D6Y3TR, STM32C011D6Y6TR, STM32C011F4P3, STM32C011F4P6, STM32C011F4U3, STM32C011F4U6TR, STM32C011F6P3, STM32C011F6P6, STM32C011F6U3, STM32C011F6U6TR, STM32C011J4M3, STM32C011J4M6, STM32C011J6M3, STM32C011J6M6, STM32C0316-DK, STM32C031C4T3, STM32C031C4T6, STM32C031C4U3, STM32C031C4U6, STM32C031C6T3, STM32C031C6T6, STM32C031C6U3, STM32C031C6U6, STM32C031F4P3, STM32C031F4P6, STM32C031F6P3, STM32C031F6P6, STM32C031G4U3, STM32C031G4U6, STM32C031G6U3, STM32C031G6U6, STM32C031K4T3, STM32C031K4T6, STM32C031K4U3, STM32C031K4U6, STM32C031K6T3, STM32C031K6T6, STM32C031K6U3, STM32C031K6U6, STM32G071K8TXN, STM32G071K8UXN, STM32G081GBU6N, STM32G081KBT6N, STM32G081KBUXN, STM32G0B1CCT6N, STM32G0B1KCT6, STM32G0B1NEY6TR, STM32G0B1RCT6N, STM32G0C1CCT6, STM32G0C1CCT6N, STM32G0C1CCU6N, STM32G0C1CET6N, STM32G0C1CEU6N, STM32G0C1KCT6, STM32G0C1NEY6TR, STM32G0C1RCI6N, STM32G0C1RCT6N, STM32G0C1REI6N, STM32G0C1RET6N, STM32G0C1VCI6, STM32G0C1VEI6, STM32G471CCT6, STM32G471CCU6, STM32G471CET3, STM32G471CET6, STM32G471CEU3, STM32G471CEU6, STM32G471MCT6, STM32G471MET3, STM32G471MET6, STM32G471MEY6TR, STM32G471QCT6, STM32G471QET3, STM32G471RCT6, STM32G471RET3, STM32G471RET6, STM32G471VCH6, STM32G471VCI6, STM32G471VCT6, STM32G471VEH3, STM32G471VEH6, STM32G471VEI3, STM32G471VEI6, STM32G471VET3, STM32G471VET6, STM32G474CCT6, STM32H503CBT6, STM32H503CBU6, STM32H503EBY6TR, STM32H503KBU6, STM32H503RBT6, STM32H562AGI6, STM32H562AII6, STM32H562IGK6, STM32H562IGT6, STM32H562IIK6, STM32H562IIT6, STM32H562RGT6, STM32H562RGV6, STM32H562RIT6, STM32H562RIV6, STM32H562VGT6, STM32H562VIT6, STM32H562ZGT6, STM32H562ZIT6, STM32H563AGI6, STM32H563AII3Q, STM32H563AII6, STM32H563IGK6, STM32H563IGT6, STM32H563IIK3Q, STM32H563IIK6, STM32H563IIT3Q, STM32H563IIT6, STM32H563MIY3QTR, STM32H563RGT6, STM32H563RGV6, STM32H563RIT6, STM32H563RIV6, STM32H563VGT6, STM32H563VIT3Q, STM32H563VIT6, STM32H563ZGT6, STM32H563ZIT3Q, STM32H563ZIT6, STM32H573AII3Q, STM32H573AII6, STM32H573I-DK, STM32H573IIK3Q, STM32H573IIK6, STM32H573IIT3Q, STM32H573IIT6, STM32H573MIY3QTR, STM32H573RIT6, STM32H573RIV6, STM32H573VIT3Q, STM32H573VIT6, STM32H573ZIT3Q, STM32H573ZIT6, STM32L4R5QGI6STR, STM32MP131AAE3, STM32MP131AAF3, STM32MP131AAG3, STM32MP131CAE3, STM32MP131CAF3, STM32MP131CAG3, STM32MP131DAE7, STM32MP131DAF7, STM32MP131DAG7, STM32MP131FAE7, STM32MP131FAF7, STM32MP131FAG7, STM32MP133AAE3, STM32MP133AAF3, STM32MP133AAG3, STM32MP133CAE3, STM32MP133CAF3, STM32MP133CAG3, STM32MP133DAE7, STM32MP133DAF7, STM32MP133DAG7, STM32MP133FAE7, STM32MP133FAF7, STM32MP133FAG7, STM32MP135AAE3, STM32MP135AAF3, STM32MP135AAG3, STM32MP135CAE3, STM32MP135CAF3, STM32MP135CAG3, STM32MP135DAE7, STM32MP135DAF7, STM32MP135DAG7, STM32MP135F-DK, STM32MP135FAE7, STM32MP135FAF7, STM32MP135FAF7T, STM32MP135FAF7U, STM32MP135FAG7, STM32U535CBT6, STM32U535CBT6Q, STM32U535CBU6, STM32U535CBU6Q, STM32U535CCT6, STM32U535CCT6Q, STM32U535CCU6, STM32U535CCU6Q, STM32U535CET6, STM32U535CET6Q, STM32U535CEU6, STM32U535CEU6Q, STM32U535JEY6QTR, STM32U535NCY6QTR, STM32U535NEY6QTR, STM32U535RBI6, STM32U535RBI6Q, STM32U535RBT6, STM32U535RBT6Q, STM32U535RCI6, STM32U535RCI6Q, STM32U535RCT6, STM32U535RCT6Q, STM32U535REI6, STM32U535REI6Q, STM32U535RET6, STM32U535RET6Q, STM32U535VCI6, STM32U535VCI6Q, STM32U535VCT6, STM32U535VCT6Q, STM32U535VEI6, STM32U535VEI6Q, STM32U535VET6, STM32U535VET6Q, STM32U545CET6, STM32U545CET6Q, STM32U545CEU6, STM32U545CEU6Q, STM32U545JEY6QTR, STM32U545NEY6QTR, STM32U545REI6, STM32U545REI6Q, STM32U545RET6, STM32U545RET6Q, STM32U545VEI6, STM32U545VEI6Q, STM32U545VET6, STM32U545VET6Q, STM32U595AIH6, STM32U595AIH6Q, STM32U595AJH6, STM32U595AJH6Q, STM32U595QII6, STM32U595QII6Q, STM32U595QJI6, STM32U595QJI6Q, STM32U595RIT6, STM32U595RIT6Q, STM32U595RJT6, STM32U595RJT6Q, STM32U595VIT6, STM32U595VIT6Q, STM32U595VJT6, STM32U595VJT6Q, STM32U595ZIT6, STM32U595ZIT6Q, STM32U595ZIY6QTR, STM32U595ZJT6, STM32U595ZJT6Q, STM32U595ZJY6QTR, STM32U599BJY6QTR, STM32U599NIH6Q, STM32U599NJH6Q, STM32U599VIT6Q, STM32U599VJT6, STM32U599VJT6Q, STM32U599ZIT6Q, STM32U599ZIY6QTR, STM32U599ZJT6Q, STM32U599ZJY6QTR, STM32U5A5AJH6, STM32U5A5AJH6Q, STM32U5A5QJI6, STM32U5A5QJI6Q, STM32U5A5RJT6, STM32U5A5RJT6Q, STM32U5A5VJT6, STM32U5A5VJT6Q, STM32U5A5ZJT6, STM32U5A5ZJT6Q, STM32U5A5ZJY6QTR, STM32U5A9BJY6QTR, STM32U5A9J-DK, STM32U5A9NJH6Q, STM32U5A9VJT6Q, STM32U5A9ZJT6Q, STM32U5A9ZJY6QTR, STM32WB1MMCH6, STM32WBA52CEU6, STM32WBA52CEU6T, STM32WBA52CGU6, STM32WBA52CGU6T, STM32WL5MOCH6, STM32WL5MOCH6TR]
2024-11-18 13:12:09,801 [INFO] ApiDb:668 - CubeFinder database Data Model version=2.1
2024-11-18 13:12:09,801 [INFO] ApiDb:669 - CubeFinder database Configuration version=3.0.39
2024-11-18 13:12:09,801 [INFO] ApiDb:670 - CubeFinder database generation date=2024-09-16 (1726485674)
2024-11-18 13:12:09,801 [INFO] ApiDb:671 - CubeFinder database FW Pack versions=[FP-ATR-ASTRA1_V2.0.0, FP-SNS-FLIGHT1_V5.0.2, FP-SNS-MOTENV1_V5.0.0, FP-SNS-MOTENVWB1_V1.4.0, FP-SNS-SMARTAG2_V1.2.0, FP-SNS-STBOX1_V2.0.0, STM32Cube_FW_C0_V1.2.0, STM32Cube_FW_F4_V1.28.1, STM32Cube_FW_F7_V1.17.2, STM32Cube_FW_G0_V1.6.2, STM32Cube_FW_G4_V1.6.0, STM32Cube_FW_H5_V1.3.0, STM32Cube_FW_H7RS_V1.1.0, STM32Cube_FW_H7_V1.11.2, STM32Cube_FW_L0_V1.12.2, STM32Cube_FW_L5_V1.5.1, STM32Cube_FW_U0_V1.1.0, STM32Cube_FW_U5_V1.6.0, STM32Cube_FW_WB0_V1.0.0, STM32Cube_FW_WBA_V1.4.1, STM32Cube_FW_WB_V1.20.0, STM32Cube_FW_WL_V1.3.0, X-CUBE-ALGOBUILD_V1.4.0, X-CUBE-ALS_V1.0.2, X-CUBE-AZRTOS-F4_V1.1.0, X-CUBE-AZRTOS-F7_V1.1.0, X-CUBE-AZRTOS-G0_V1.1.0, X-CUBE-AZRTOS-G4_V2.0.0, X-CUBE-AZRTOS-H7RS_V1.0.0, X-CUBE-AZRTOS-H7_V3.2.0, X-CUBE-AZRTOS-L4_V2.0.0, X-CUBE-AZRTOS-L5_V2.0.0, X-CUBE-AZRTOS-WB_V2.0.0, X-CUBE-AZRTOS-WL_V2.0.0, X-CUBE-BLE1_V7.0.0, X-CUBE-BLE2_V3.3.0, X-CUBE-BLEMGR_V3.1.0, X-CUBE-EEPRMA1_V5.1.0, X-CUBE-FREERTOS_V1.2.0, X-CUBE-GNSS1_V6.0.0, X-CUBE-MEMS1_V11.0.0, X-CUBE-NFC4_V3.0.0, X-CUBE-NFC7_V1.0.1, X-CUBE-SFXS2LP1_V4.0.0, X-CUBE-SUBG2_V5.0.0, X-CUBE-TOF1_V3.4.2]
2024-11-18 13:12:11,959 [INFO] ApiDb:240 - Found 297 in-development CPN: [B-G473E-ZEST1S, B-WB1M-WPAN1, B-WL5M-SUBG1, NUCLEO-C031C6, NUCLEO-H503RB, NUCLEO-H563ZI, NUCLEO-U545RE-Q, NUCLEO-U5A5ZJ-Q, NUCLEO-WBA52CG, STEVAL-PROTEUS1, STEVAL-STWINBX1, STM320518-EVAL, STM32C0116-DK, STM32C011D6Y3TR, STM32C011D6Y6TR, STM32C011F4P3, STM32C011F4P6, STM32C011F4U3, STM32C011F4U6TR, STM32C011F6P3, STM32C011F6P6, STM32C011F6U3, STM32C011F6U6TR, STM32C011J4M3, STM32C011J4M6, STM32C011J6M3, STM32C011J6M6, STM32C0316-DK, STM32C031C4T3, STM32C031C4T6, STM32C031C4U3, STM32C031C4U6, STM32C031C6T3, STM32C031C6T6, STM32C031C6U3, STM32C031C6U6, STM32C031F4P3, STM32C031F4P6, STM32C031F6P3, STM32C031F6P6, STM32C031G4U3, STM32C031G4U6, STM32C031G6U3, STM32C031G6U6, STM32C031K4T3, STM32C031K4T6, STM32C031K4U3, STM32C031K4U6, STM32C031K6T3, STM32C031K6T6, STM32C031K6U3, STM32C031K6U6, STM32G071K8TXN, STM32G071K8UXN, STM32G081GBU6N, STM32G081KBT6N, STM32G081KBUXN, STM32G0B1CCT6N, STM32G0B1KCT6, STM32G0B1NEY6TR, STM32G0B1RCT6N, STM32G0C1CCT6, STM32G0C1CCT6N, STM32G0C1CCU6N, STM32G0C1CET6N, STM32G0C1CEU6N, STM32G0C1KCT6, STM32G0C1NEY6TR, STM32G0C1RCI6N, STM32G0C1RCT6N, STM32G0C1REI6N, STM32G0C1RET6N, STM32G0C1VCI6, STM32G0C1VEI6, STM32G471CCT6, STM32G471CCU6, STM32G471CET3, STM32G471CET6, STM32G471CEU3, STM32G471CEU6, STM32G471MCT6, STM32G471MET3, STM32G471MET6, STM32G471MEY6TR, STM32G471QCT6, STM32G471QET3, STM32G471RCT6, STM32G471RET3, STM32G471RET6, STM32G471VCH6, STM32G471VCI6, STM32G471VCT6, STM32G471VEH3, STM32G471VEH6, STM32G471VEI3, STM32G471VEI6, STM32G471VET3, STM32G471VET6, STM32G474CCT6, STM32H503CBT6, STM32H503CBU6, STM32H503EBY6TR, STM32H503KBU6, STM32H503RBT6, STM32H562AGI6, STM32H562AII6, STM32H562IGK6, STM32H562IGT6, STM32H562IIK6, STM32H562IIT6, STM32H562RGT6, STM32H562RGV6, STM32H562RIT6, STM32H562RIV6, STM32H562VGT6, STM32H562VIT6, STM32H562ZGT6, STM32H562ZIT6, STM32H563AGI6, STM32H563AII3Q, STM32H563AII6, STM32H563IGK6, STM32H563IGT6, STM32H563IIK3Q, STM32H563IIK6, STM32H563IIT3Q, STM32H563IIT6, STM32H563MIY3QTR, STM32H563RGT6, STM32H563RGV6, STM32H563RIT6, STM32H563RIV6, STM32H563VGT6, STM32H563VIT3Q, STM32H563VIT6, STM32H563ZGT6, STM32H563ZIT3Q, STM32H563ZIT6, STM32H573AII3Q, STM32H573AII6, STM32H573I-DK, STM32H573IIK3Q, STM32H573IIK6, STM32H573IIT3Q, STM32H573IIT6, STM32H573MIY3QTR, STM32H573RIT6, STM32H573RIV6, STM32H573VIT3Q, STM32H573VIT6, STM32H573ZIT3Q, STM32H573ZIT6, STM32L4R5QGI6STR, STM32MP131AAE3, STM32MP131AAF3, STM32MP131AAG3, STM32MP131CAE3, STM32MP131CAF3, STM32MP131CAG3, STM32MP131DAE7, STM32MP131DAF7, STM32MP131DAG7, STM32MP131FAE7, STM32MP131FAF7, STM32MP131FAG7, STM32MP133AAE3, STM32MP133AAF3, STM32MP133AAG3, STM32MP133CAE3, STM32MP133CAF3, STM32MP133CAG3, STM32MP133DAE7, STM32MP133DAF7, STM32MP133DAG7, STM32MP133FAE7, STM32MP133FAF7, STM32MP133FAG7, STM32MP135AAE3, STM32MP135AAF3, STM32MP135AAG3, STM32MP135CAE3, STM32MP135CAF3, STM32MP135CAG3, STM32MP135DAE7, STM32MP135DAF7, STM32MP135DAG7, STM32MP135F-DK, STM32MP135FAE7, STM32MP135FAF7, STM32MP135FAF7T, STM32MP135FAF7U, STM32MP135FAG7, STM32U535CBT6, STM32U535CBT6Q, STM32U535CBU6, STM32U535CBU6Q, STM32U535CCT6, STM32U535CCT6Q, STM32U535CCU6, STM32U535CCU6Q, STM32U535CET6, STM32U535CET6Q, STM32U535CEU6, STM32U535CEU6Q, STM32U535JEY6QTR, STM32U535NCY6QTR, STM32U535NEY6QTR, STM32U535RBI6, STM32U535RBI6Q, STM32U535RBT6, STM32U535RBT6Q, STM32U535RCI6, STM32U535RCI6Q, STM32U535RCT6, STM32U535RCT6Q, STM32U535REI6, STM32U535REI6Q, STM32U535RET6, STM32U535RET6Q, STM32U535VCI6, STM32U535VCI6Q, STM32U535VCT6, STM32U535VCT6Q, STM32U535VEI6, STM32U535VEI6Q, STM32U535VET6, STM32U535VET6Q, STM32U545CET6, STM32U545CET6Q, STM32U545CEU6, STM32U545CEU6Q, STM32U545JEY6QTR, STM32U545NEY6QTR, STM32U545REI6, STM32U545REI6Q, STM32U545RET6, STM32U545RET6Q, STM32U545VEI6, STM32U545VEI6Q, STM32U545VET6, STM32U545VET6Q, STM32U595AIH6, STM32U595AIH6Q, STM32U595AJH6, STM32U595AJH6Q, STM32U595QII6, STM32U595QII6Q, STM32U595QJI6, STM32U595QJI6Q, STM32U595RIT6, STM32U595RIT6Q, STM32U595RJT6, STM32U595RJT6Q, STM32U595VIT6, STM32U595VIT6Q, STM32U595VJT6, STM32U595VJT6Q, STM32U595ZIT6, STM32U595ZIT6Q, STM32U595ZIY6QTR, STM32U595ZJT6, STM32U595ZJT6Q, STM32U595ZJY6QTR, STM32U599BJY6QTR, STM32U599NIH6Q, STM32U599NJH6Q, STM32U599VIT6Q, STM32U599VJT6, STM32U599VJT6Q, STM32U599ZIT6Q, STM32U599ZIY6QTR, STM32U599ZJT6Q, STM32U599ZJY6QTR, STM32U5A5AJH6, STM32U5A5AJH6Q, STM32U5A5QJI6, STM32U5A5QJI6Q, STM32U5A5RJT6, STM32U5A5RJT6Q, STM32U5A5VJT6, STM32U5A5VJT6Q, STM32U5A5ZJT6, STM32U5A5ZJT6Q, STM32U5A5ZJY6QTR, STM32U5A9BJY6QTR, STM32U5A9J-DK, STM32U5A9NJH6Q, STM32U5A9VJT6Q, STM32U5A9ZJT6Q, STM32U5A9ZJY6QTR, STM32WB1MMCH6, STM32WBA52CEU6, STM32WBA52CEU6T, STM32WBA52CGU6, STM32WBA52CGU6T, STM32WL5MOCH6, STM32WL5MOCH6TR]
2024-11-18 13:12:11,982 [INFO] DbMcus:216 - Found 4180 MCUs, 4180 are supported
2024-11-18 13:12:11,987 [INFO] ApiDb:423 - Load user favorites file /Users/pavelmalkov/.stm32cubeide/favorites.mcus.txt: 0 item(s)
2024-11-18 13:12:11,988 [INFO] ApiDb:427 - User favorites MCUs=[]
2024-11-18 13:12:11,988 [INFO] DbMcus:222 - Set 0 / 0 favorites MCUs
2024-11-18 13:12:12,478 [INFO] BoardInfo:880 - No configuration file found for board NUCLEO-H533RE
2024-11-18 13:12:12,479 [INFO] DbBoards:157 - Board is not supported: NUCLEO-H533RE
2024-11-18 13:12:12,500 [INFO] BoardInfo:880 - No configuration file found for board NUCLEO-H7S3L8
2024-11-18 13:12:12,500 [INFO] DbBoards:157 - Board is not supported: NUCLEO-H7S3L8
2024-11-18 13:12:12,530 [INFO] BoardInfo:880 - No configuration file found for board NUCLEO-U031R8
2024-11-18 13:12:12,530 [INFO] DbBoards:157 - Board is not supported: NUCLEO-U031R8
2024-11-18 13:12:12,532 [INFO] BoardInfo:880 - No configuration file found for board NUCLEO-U083RC
2024-11-18 13:12:12,532 [INFO] DbBoards:157 - Board is not supported: NUCLEO-U083RC
2024-11-18 13:12:12,539 [INFO] BoardInfo:880 - No configuration file found for board NUCLEO-WB05KZ
2024-11-18 13:12:12,540 [INFO] DbBoards:157 - Board is not supported: NUCLEO-WB05KZ
2024-11-18 13:12:12,542 [INFO] BoardInfo:880 - No configuration file found for board NUCLEO-WB07CC
2024-11-18 13:12:12,542 [INFO] DbBoards:157 - Board is not supported: NUCLEO-WB07CC
2024-11-18 13:12:12,544 [INFO] BoardInfo:880 - No configuration file found for board NUCLEO-WB09KE
2024-11-18 13:12:12,544 [INFO] DbBoards:157 - Board is not supported: NUCLEO-WB09KE
2024-11-18 13:12:12,549 [INFO] BoardInfo:880 - No configuration file found for board NUCLEO-WBA55CG
2024-11-18 13:12:12,550 [INFO] DbBoards:157 - Board is not supported: NUCLEO-WBA55CG
2024-11-18 13:12:12,557 [INFO] BoardInfo:880 - No configuration file found for board P-NUCLEO-WB55
2024-11-18 13:12:12,557 [INFO] DbBoards:157 - Kit is not supported: P-NUCLEO-WB55
2024-11-18 13:12:12,564 [INFO] BoardInfo:880 - No configuration file found for board STEVAL-BFA001V1B
2024-11-18 13:12:12,564 [INFO] DbBoards:157 - Kit is not supported: STEVAL-BFA001V1B
2024-11-18 13:12:12,566 [INFO] BoardInfo:880 - No configuration file found for board STEVAL-BFA001V2B
2024-11-18 13:12:12,566 [INFO] DbBoards:157 - Kit is not supported: STEVAL-BFA001V2B
2024-11-18 13:12:12,572 [INFO] BoardInfo:880 - No configuration file found for board STEVAL-MKBOXPRO
2024-11-18 13:12:12,572 [INFO] DbBoards:157 - Board is not supported: STEVAL-MKBOXPRO
2024-11-18 13:12:12,576 [INFO] BoardInfo:880 - No configuration file found for board STEVAL-SMARTAG2
2024-11-18 13:12:12,577 [INFO] DbBoards:157 - Board is not supported: STEVAL-SMARTAG2
2024-11-18 13:12:12,687 [INFO] BoardInfo:880 - No configuration file found for board STM32H7S78-DK
2024-11-18 13:12:12,687 [INFO] DbBoards:157 - Board is not supported: STM32H7S78-DK
2024-11-18 13:12:12,716 [INFO] BoardInfo:880 - No configuration file found for board STM32MP257F-DK
2024-11-18 13:12:12,717 [INFO] DbBoards:157 - Board is not supported: STM32MP257F-DK
2024-11-18 13:12:12,718 [INFO] BoardInfo:880 - No configuration file found for board STM32MP257F-EV1
2024-11-18 13:12:12,718 [INFO] DbBoards:157 - Board is not supported: STM32MP257F-EV1
2024-11-18 13:12:12,720 [INFO] BoardInfo:880 - No configuration file found for board STM32U083C-DK
2024-11-18 13:12:12,720 [INFO] DbBoards:157 - Board is not supported: STM32U083C-DK
2024-11-18 13:12:12,724 [INFO] BoardInfo:880 - No configuration file found for board STM32U5G9J-DK1
2024-11-18 13:12:12,724 [INFO] DbBoards:157 - Board is not supported: STM32U5G9J-DK1
2024-11-18 13:12:12,726 [INFO] BoardInfo:880 - No configuration file found for board STM32U5G9J-DK2
2024-11-18 13:12:12,726 [INFO] DbBoards:157 - Board is not supported: STM32U5G9J-DK2
2024-11-18 13:12:12,730 [INFO] BoardInfo:880 - No configuration file found for board STM32WBA55G-DK1
2024-11-18 13:12:12,730 [INFO] DbBoards:157 - Board is not supported: STM32WBA55G-DK1
2024-11-18 13:12:12,731 [INFO] DbBoards:161 - Found 200 boards, 180 are supported
2024-11-18 13:12:12,734 [INFO] ApiDb:423 - Load user favorites file /Users/pavelmalkov/.stm32cubeide/favorites.boards.txt: 0 item(s)
2024-11-18 13:12:12,734 [INFO] ApiDb:427 - User favorites Boards=[]
2024-11-18 13:12:12,735 [INFO] DbBoards:190 - Set 0 / 0 favorites Boards
2024-11-18 13:12:12,736 [INFO] McuFinderGlobals:66 - Set McuFinderConnectedMode to false
2024-11-18 13:12:12,750 [INFO] MultiScanPanel:200 - Auto-refresh data requested => check proxy status ongoing
2024-11-18 13:12:12,750 [INFO] MultiScanPanel:204 - Proxy status is invalid
2024-11-18 13:12:12,753 [INFO] FinderPluginLoader:95 - Searching for filters in installed packs
2024-11-18 13:12:16,106 [INFO] DetailPanel:341 - Set advertising image to /Users/pavelmalkov/STM32Cube/Repository//en.prom-stm32c071-usb-memories-mcu-finder.png
